================================================================================
Gold Standard Comparison: ECGPUWave vs Manual Annotations
================================================================================

Using FULL-SIGNAL ECGPUWave results from: /Users/morganfitzgerald/Documents/ecgpuwave/results/qtdb_full_ecgpuwave_results/ecgpuwave_annotations_pw
Found 105 subjects with both ECGPUWave results and manual annotations
Analyzing subjects...

  Processed 10/105 subjects...
  Processed 20/105 subjects...
  Processed 30/105 subjects...
  Processed 40/105 subjects...
  Processed 50/105 subjects...
  Processed 60/105 subjects...
  Processed 70/105 subjects...
  Processed 80/105 subjects...
  Processed 90/105 subjects...
  Processed 100/105 subjects...

Processed 104 subjects
Generating analysis...

================================================================================
1. MEAN ABSOLUTE DEVIATION OF FIDUCIAL POINTS
================================================================================

p_peak         : Mean MAD =   8.04 ms (median:   8.00 ms, std:   7.37 ms)
                Total matched: 2,955, Subjects: 96 (removed 321 outliers)

r_peak         : Mean MAD =  11.06 ms (median:  12.00 ms, std:   5.93 ms)
                Total matched: 3,514, Subjects: 104 (removed 142 outliers)

t_peak         : Mean MAD =  10.15 ms (median:   8.00 ms, std:  11.40 ms)
                Total matched: 3,395, Subjects: 102 (removed 510 outliers)

================================================================================
2. BLAND-ALTMAN PLOTS FOR PEAK POINTS
================================================================================

p_peak Peak:
  N comparisons: 2502 (removed 453 outliers)
  Mean difference: -3.23 ms
  Limits of agreement: [-19.73, 13.27] ms
  Within clinical bounds (±20.0 ms): 98.0%

r_peak Peak:
  N comparisons: 2432 (removed 1082 outliers)
  Mean difference: -10.06 ms
  Limits of agreement: [-16.41, -3.71] ms
  Within clinical bounds (±20.0 ms): 100.0%

t_peak Peak:
  N comparisons: 2709 (removed 686 outliers)
  Mean difference: -2.97 ms
  Limits of agreement: [-23.67, 17.73] ms
  Within clinical bounds (±20.0 ms): 93.1%

================================================================================
Analysis complete!
Results saved to: /Users/morganfitzgerald/Documents/pyhearts/reviewer_response/gold_standard_comparison/ecgpuwave_vs_manual
================================================================================
